2016-12-03 14:18:50.114 [JavaFX Application Thread] DEBUG com.githup.lariscy.jserverrepo.client.App - Application.start()
2016-12-03 14:18:50.383 [JavaFX Application Thread] DEBUG com.githup.lariscy.jserverrepo.client.util.GuiceFXMLLoader - request to load FXML [/fxml/Container.fxml]
2016-12-03 14:18:50.461 [JavaFX Application Thread] DEBUG com.githup.lariscy.jserverrepo.client.util.GuiceFXMLLoader - request to load FXML [/fxml/TopMenu.fxml]
2016-12-03 14:18:50.515 [JavaFX Application Thread] DEBUG com.githup.lariscy.jserverrepo.client.util.GuiceFXMLLoader - request to load FXML [/fxml/SideMenu.fxml]
2016-12-03 14:18:50.525 [JavaFX Application Thread] DEBUG com.githup.lariscy.jserverrepo.client.util.GuiceFXMLLoader - request to load FXML [/fxml/LoginForm.fxml]
2016-12-03 14:18:50.612 [JavaFX Application Thread] DEBUG com.githup.lariscy.jserverrepo.client.App - Application.stop()
2016-12-03 14:21:10.484 [JavaFX Application Thread] DEBUG com.githup.lariscy.jserverrepo.client.App - Application.start()
2016-12-03 14:21:10.758 [JavaFX Application Thread] DEBUG com.githup.lariscy.jserverrepo.client.util.GuiceFXMLLoader - request to load FXML [/fxml/Container.fxml]
2016-12-03 14:21:10.821 [JavaFX Application Thread] DEBUG com.githup.lariscy.jserverrepo.client.util.GuiceFXMLLoader - request to load FXML [/fxml/TopMenu.fxml]
2016-12-03 14:21:10.893 [JavaFX Application Thread] DEBUG com.githup.lariscy.jserverrepo.client.util.GuiceFXMLLoader - request to load FXML [/fxml/SideMenu.fxml]
2016-12-03 14:21:10.903 [JavaFX Application Thread] DEBUG com.githup.lariscy.jserverrepo.client.util.GuiceFXMLLoader - request to load FXML [/fxml/LoginForm.fxml]
2016-12-03 14:21:10.996 [JavaFX Application Thread] DEBUG com.githup.lariscy.jserverrepo.client.controller.LoginFormController - initialize
2016-12-03 14:21:10.997 [JavaFX Application Thread] DEBUG com.githup.lariscy.jserverrepo.client.util.GuiceFXMLLoader - request to load FXML [/fxml/StatusBar.fxml]
2016-12-03 14:21:36.000 [JavaFX Application Thread] DEBUG com.githup.lariscy.jserverrepo.client.App - Application.stop()
2016-12-03 14:23:32.979 [JavaFX Application Thread] DEBUG com.githup.lariscy.jserverrepo.client.App - Application.start()
2016-12-03 14:23:33.097 [JavaFX Application Thread] DEBUG com.githup.lariscy.jserverrepo.client.guice.GuiceModule - configuring GuiceModule
2016-12-03 14:23:33.261 [JavaFX Application Thread] DEBUG com.githup.lariscy.jserverrepo.client.util.GuiceFXMLLoader - request to load FXML [/fxml/Container.fxml]
2016-12-03 14:23:33.318 [JavaFX Application Thread] DEBUG com.githup.lariscy.jserverrepo.client.util.GuiceFXMLLoader - request to load FXML [/fxml/TopMenu.fxml]
2016-12-03 14:23:33.367 [JavaFX Application Thread] DEBUG com.githup.lariscy.jserverrepo.client.util.GuiceFXMLLoader - request to load FXML [/fxml/SideMenu.fxml]
2016-12-03 14:23:33.376 [JavaFX Application Thread] DEBUG com.githup.lariscy.jserverrepo.client.util.GuiceFXMLLoader - request to load FXML [/fxml/LoginForm.fxml]
2016-12-03 14:23:33.425 [JavaFX Application Thread] DEBUG com.githup.lariscy.jserverrepo.client.controller.LoginFormController - initialize
2016-12-03 14:23:33.425 [JavaFX Application Thread] DEBUG com.githup.lariscy.jserverrepo.client.util.GuiceFXMLLoader - request to load FXML [/fxml/StatusBar.fxml]
2016-12-03 14:23:47.599 [JavaFX Application Thread] DEBUG com.githup.lariscy.jserverrepo.client.App - Application.stop()
2016-12-03 14:24:37.479 [JavaFX Application Thread] DEBUG com.githup.lariscy.jserverrepo.client.App - Application.start()
2016-12-03 14:24:37.568 [JavaFX Application Thread] DEBUG com.githup.lariscy.jserverrepo.client.guice.GuiceModule - configuring GuiceModule
2016-12-03 14:24:37.730 [JavaFX Application Thread] DEBUG com.githup.lariscy.jserverrepo.client.util.GuiceFXMLLoader - request to load FXML [/fxml/Container.fxml]
2016-12-03 14:24:37.788 [JavaFX Application Thread] DEBUG com.githup.lariscy.jserverrepo.client.util.GuiceFXMLLoader - request to load FXML [/fxml/TopMenu.fxml]
2016-12-03 14:24:37.836 [JavaFX Application Thread] DEBUG com.githup.lariscy.jserverrepo.client.util.GuiceFXMLLoader - request to load FXML [/fxml/SideMenu.fxml]
2016-12-03 14:24:37.846 [JavaFX Application Thread] DEBUG com.githup.lariscy.jserverrepo.client.util.GuiceFXMLLoader - request to load FXML [/fxml/LoginForm.fxml]
2016-12-03 14:24:37.893 [JavaFX Application Thread] DEBUG com.githup.lariscy.jserverrepo.client.controller.LoginFormController - initialize
2016-12-03 14:24:37.893 [JavaFX Application Thread] DEBUG com.githup.lariscy.jserverrepo.client.util.GuiceFXMLLoader - request to load FXML [/fxml/StatusBar.fxml]
2016-12-03 14:24:41.225 [JavaFX Application Thread] DEBUG com.githup.lariscy.jserverrepo.client.controller.LoginFormController - handleLogin
2016-12-03 14:24:43.090 [JavaFX Application Thread] DEBUG com.githup.lariscy.jserverrepo.client.controller.LoginFormController - handleLogin
2016-12-03 14:24:44.613 [JavaFX Application Thread] DEBUG com.githup.lariscy.jserverrepo.client.App - Application.stop()
2016-12-03 14:25:52.787 [JavaFX Application Thread] DEBUG com.githup.lariscy.jserverrepo.client.App - Application.start()
2016-12-03 14:25:52.878 [JavaFX Application Thread] DEBUG com.githup.lariscy.jserverrepo.client.guice.GuiceModule - configuring GuiceModule
2016-12-03 14:25:53.042 [JavaFX Application Thread] DEBUG com.githup.lariscy.jserverrepo.client.util.GuiceFXMLLoader - request to load FXML [/fxml/Container.fxml]
2016-12-03 14:25:53.100 [JavaFX Application Thread] DEBUG com.githup.lariscy.jserverrepo.client.util.GuiceFXMLLoader - request to load FXML [/fxml/TopMenu.fxml]
2016-12-03 14:25:53.148 [JavaFX Application Thread] DEBUG com.githup.lariscy.jserverrepo.client.util.GuiceFXMLLoader - request to load FXML [/fxml/SideMenu.fxml]
2016-12-03 14:25:53.158 [JavaFX Application Thread] DEBUG com.githup.lariscy.jserverrepo.client.util.GuiceFXMLLoader - request to load FXML [/fxml/LoginForm.fxml]
2016-12-03 14:25:53.202 [JavaFX Application Thread] DEBUG com.githup.lariscy.jserverrepo.client.controller.LoginFormController - initialize
2016-12-03 14:25:53.203 [JavaFX Application Thread] DEBUG com.githup.lariscy.jserverrepo.client.util.GuiceFXMLLoader - request to load FXML [/fxml/StatusBar.fxml]
2016-12-03 14:25:56.444 [JavaFX Application Thread] DEBUG com.githup.lariscy.jserverrepo.client.service.MockLoginService - login()
2016-12-03 14:26:00.197 [JavaFX Application Thread] DEBUG com.githup.lariscy.jserverrepo.client.service.MockLoginService - login()
2016-12-03 14:26:00.685 [JavaFX Application Thread] DEBUG com.githup.lariscy.jserverrepo.client.service.MockLoginService - login()
2016-12-03 14:26:01.922 [JavaFX Application Thread] DEBUG com.githup.lariscy.jserverrepo.client.App - Application.stop()
2016-12-03 14:26:34.107 [JavaFX Application Thread] DEBUG com.githup.lariscy.jserverrepo.client.App - Application.start()
2016-12-03 14:26:34.198 [JavaFX Application Thread] DEBUG com.githup.lariscy.jserverrepo.client.guice.GuiceModule - configuring GuiceModule
2016-12-03 14:26:34.366 [JavaFX Application Thread] DEBUG com.githup.lariscy.jserverrepo.client.util.GuiceFXMLLoader - request to load FXML [/fxml/Container.fxml]
2016-12-03 14:26:34.426 [JavaFX Application Thread] DEBUG com.githup.lariscy.jserverrepo.client.util.GuiceFXMLLoader - request to load FXML [/fxml/TopMenu.fxml]
2016-12-03 14:26:34.474 [JavaFX Application Thread] DEBUG com.githup.lariscy.jserverrepo.client.util.GuiceFXMLLoader - request to load FXML [/fxml/SideMenu.fxml]
2016-12-03 14:26:34.484 [JavaFX Application Thread] DEBUG com.githup.lariscy.jserverrepo.client.util.GuiceFXMLLoader - request to load FXML [/fxml/LoginForm.fxml]
2016-12-03 14:26:34.530 [JavaFX Application Thread] DEBUG com.githup.lariscy.jserverrepo.client.controller.LoginFormController - initialize
2016-12-03 14:26:34.530 [JavaFX Application Thread] DEBUG com.githup.lariscy.jserverrepo.client.util.GuiceFXMLLoader - request to load FXML [/fxml/StatusBar.fxml]
2016-12-03 14:26:35.779 [JavaFX Application Thread] DEBUG com.githup.lariscy.jserverrepo.client.service.MockLoginService - login()
2016-12-03 14:26:40.762 [JavaFX Application Thread] DEBUG com.githup.lariscy.jserverrepo.client.service.MockLoginService - login()
2016-12-03 14:26:41.968 [JavaFX Application Thread] DEBUG com.githup.lariscy.jserverrepo.client.App - Application.stop()
2016-12-03 14:28:17.391 [JavaFX Application Thread] DEBUG com.githup.lariscy.jserverrepo.client.App - Application.start()
2016-12-03 14:28:17.482 [JavaFX Application Thread] DEBUG com.githup.lariscy.jserverrepo.client.guice.GuiceModule - configuring GuiceModule
2016-12-03 14:28:17.654 [JavaFX Application Thread] DEBUG com.githup.lariscy.jserverrepo.client.util.GuiceFXMLLoader - request to load FXML [/fxml/Container.fxml]
2016-12-03 14:28:17.712 [JavaFX Application Thread] DEBUG com.githup.lariscy.jserverrepo.client.util.GuiceFXMLLoader - request to load FXML [/fxml/TopMenu.fxml]
2016-12-03 14:28:17.761 [JavaFX Application Thread] DEBUG com.githup.lariscy.jserverrepo.client.util.GuiceFXMLLoader - request to load FXML [/fxml/SideMenu.fxml]
2016-12-03 14:28:17.771 [JavaFX Application Thread] DEBUG com.githup.lariscy.jserverrepo.client.util.GuiceFXMLLoader - request to load FXML [/fxml/LoginForm.fxml]
2016-12-03 14:28:17.816 [JavaFX Application Thread] DEBUG com.githup.lariscy.jserverrepo.client.controller.LoginFormController - initialize
2016-12-03 14:28:17.816 [JavaFX Application Thread] DEBUG com.githup.lariscy.jserverrepo.client.util.GuiceFXMLLoader - request to load FXML [/fxml/StatusBar.fxml]
2016-12-03 14:28:23.019 [JavaFX Application Thread] DEBUG com.githup.lariscy.jserverrepo.client.service.MockLoginService - login()
2016-12-03 14:28:25.372 [JavaFX Application Thread] DEBUG com.githup.lariscy.jserverrepo.client.service.MockLoginService - login()
2016-12-03 14:28:26.124 [JavaFX Application Thread] DEBUG com.githup.lariscy.jserverrepo.client.service.MockLoginService - login()
2016-12-03 14:28:26.660 [JavaFX Application Thread] DEBUG com.githup.lariscy.jserverrepo.client.service.MockLoginService - login()
2016-12-03 14:28:27.967 [JavaFX Application Thread] DEBUG com.githup.lariscy.jserverrepo.client.App - Application.stop()
2016-12-03 14:29:35.103 [JavaFX Application Thread] DEBUG com.githup.lariscy.jserverrepo.client.App - Application.start()
2016-12-03 14:29:35.197 [JavaFX Application Thread] DEBUG com.githup.lariscy.jserverrepo.client.guice.GuiceModule - configuring GuiceModule
2016-12-03 14:29:35.366 [JavaFX Application Thread] DEBUG com.githup.lariscy.jserverrepo.client.util.GuiceFXMLLoader - request to load FXML [/fxml/Container.fxml]
2016-12-03 14:29:35.432 [JavaFX Application Thread] DEBUG com.githup.lariscy.jserverrepo.client.util.GuiceFXMLLoader - request to load FXML [/fxml/TopMenu.fxml]
2016-12-03 14:29:35.482 [JavaFX Application Thread] DEBUG com.githup.lariscy.jserverrepo.client.util.GuiceFXMLLoader - request to load FXML [/fxml/SideMenu.fxml]
2016-12-03 14:29:35.492 [JavaFX Application Thread] DEBUG com.githup.lariscy.jserverrepo.client.util.GuiceFXMLLoader - request to load FXML [/fxml/LoginForm.fxml]
2016-12-03 14:29:35.539 [JavaFX Application Thread] DEBUG com.githup.lariscy.jserverrepo.client.controller.LoginFormController - initialize
2016-12-03 14:29:35.539 [JavaFX Application Thread] DEBUG com.githup.lariscy.jserverrepo.client.util.GuiceFXMLLoader - request to load FXML [/fxml/StatusBar.fxml]
2016-12-03 14:29:38.560 [JavaFX Application Thread] DEBUG com.githup.lariscy.jserverrepo.client.App - Application.stop()
2016-12-03 14:29:56.185 [JavaFX Application Thread] DEBUG com.githup.lariscy.jserverrepo.client.App - Application.start()
2016-12-03 14:29:56.354 [JavaFX Application Thread] DEBUG com.githup.lariscy.jserverrepo.client.guice.GuiceModule - configuring GuiceModule
2016-12-03 14:29:56.437 [JavaFX Application Thread] DEBUG com.githup.lariscy.jserverrepo.client.util.GuiceFXMLLoader - request to load FXML [/fxml/Container.fxml]
2016-12-03 14:29:56.497 [JavaFX Application Thread] DEBUG com.githup.lariscy.jserverrepo.client.util.GuiceFXMLLoader - request to load FXML [/fxml/TopMenu.fxml]
2016-12-03 14:29:56.546 [JavaFX Application Thread] DEBUG com.githup.lariscy.jserverrepo.client.util.GuiceFXMLLoader - request to load FXML [/fxml/SideMenu.fxml]
2016-12-03 14:29:56.557 [JavaFX Application Thread] DEBUG com.githup.lariscy.jserverrepo.client.util.GuiceFXMLLoader - request to load FXML [/fxml/LoginForm.fxml]
2016-12-03 14:29:56.603 [JavaFX Application Thread] DEBUG com.githup.lariscy.jserverrepo.client.controller.LoginFormController - initialize
2016-12-03 14:29:56.603 [JavaFX Application Thread] DEBUG com.githup.lariscy.jserverrepo.client.util.GuiceFXMLLoader - request to load FXML [/fxml/StatusBar.fxml]
2016-12-03 14:30:02.006 [JavaFX Application Thread] DEBUG com.githup.lariscy.jserverrepo.client.service.MockLoginService - login()
2016-12-03 14:30:07.850 [JavaFX Application Thread] DEBUG com.githup.lariscy.jserverrepo.client.App - Application.stop()
2016-12-03 14:30:17.181 [JavaFX Application Thread] DEBUG com.githup.lariscy.jserverrepo.client.App - Application.start()
2016-12-03 14:30:17.348 [JavaFX Application Thread] DEBUG com.githup.lariscy.jserverrepo.client.guice.GuiceModule - configuring GuiceModule
2016-12-03 14:30:17.432 [JavaFX Application Thread] DEBUG com.githup.lariscy.jserverrepo.client.util.GuiceFXMLLoader - request to load FXML [/fxml/Container.fxml]
2016-12-03 14:30:17.493 [JavaFX Application Thread] DEBUG com.githup.lariscy.jserverrepo.client.util.GuiceFXMLLoader - request to load FXML [/fxml/TopMenu.fxml]
2016-12-03 14:30:17.543 [JavaFX Application Thread] DEBUG com.githup.lariscy.jserverrepo.client.util.GuiceFXMLLoader - request to load FXML [/fxml/SideMenu.fxml]
2016-12-03 14:30:17.553 [JavaFX Application Thread] DEBUG com.githup.lariscy.jserverrepo.client.util.GuiceFXMLLoader - request to load FXML [/fxml/LoginForm.fxml]
2016-12-03 14:30:17.600 [JavaFX Application Thread] DEBUG com.githup.lariscy.jserverrepo.client.controller.LoginFormController - initialize
2016-12-03 14:30:17.600 [JavaFX Application Thread] DEBUG com.githup.lariscy.jserverrepo.client.util.GuiceFXMLLoader - request to load FXML [/fxml/StatusBar.fxml]
2016-12-03 14:30:21.267 [JavaFX Application Thread] DEBUG com.githup.lariscy.jserverrepo.client.service.MockLoginService - login()
2016-12-03 14:30:23.502 [JavaFX Application Thread] DEBUG com.githup.lariscy.jserverrepo.client.App - Application.stop()
2016-12-03 14:31:41.509 [JavaFX Application Thread] DEBUG com.githup.lariscy.jserverrepo.client.App - Application.start()
2016-12-03 14:31:41.598 [JavaFX Application Thread] DEBUG com.githup.lariscy.jserverrepo.client.guice.GuiceModule - configuring GuiceModule
2016-12-03 14:31:41.758 [JavaFX Application Thread] DEBUG com.githup.lariscy.jserverrepo.client.util.GuiceFXMLLoader - request to load FXML [/fxml/Container.fxml]
2016-12-03 14:31:41.816 [JavaFX Application Thread] DEBUG com.githup.lariscy.jserverrepo.client.util.GuiceFXMLLoader - request to load FXML [/fxml/TopMenu.fxml]
2016-12-03 14:31:41.863 [JavaFX Application Thread] DEBUG com.githup.lariscy.jserverrepo.client.util.GuiceFXMLLoader - request to load FXML [/fxml/SideMenu.fxml]
2016-12-03 14:31:41.873 [JavaFX Application Thread] DEBUG com.githup.lariscy.jserverrepo.client.util.GuiceFXMLLoader - request to load FXML [/fxml/LoginForm.fxml]
2016-12-03 14:31:41.917 [JavaFX Application Thread] DEBUG com.githup.lariscy.jserverrepo.client.controller.LoginFormController - initialize
2016-12-03 14:31:41.918 [JavaFX Application Thread] DEBUG com.githup.lariscy.jserverrepo.client.util.GuiceFXMLLoader - request to load FXML [/fxml/StatusBar.fxml]
2016-12-03 14:31:43.527 [JavaFX Application Thread] DEBUG com.githup.lariscy.jserverrepo.client.service.MockLoginService - login()
2016-12-03 14:31:50.789 [JavaFX Application Thread] DEBUG com.githup.lariscy.jserverrepo.client.service.MockLoginService - login()
2016-12-03 14:32:01.255 [JavaFX Application Thread] DEBUG com.githup.lariscy.jserverrepo.client.App - Application.stop()
2016-12-03 14:34:33.432 [JavaFX Application Thread] DEBUG com.githup.lariscy.jserverrepo.client.App - Application.start()
2016-12-03 14:34:33.522 [JavaFX Application Thread] DEBUG com.githup.lariscy.jserverrepo.client.guice.GuiceModule - configuring GuiceModule
2016-12-03 14:34:33.687 [JavaFX Application Thread] DEBUG com.githup.lariscy.jserverrepo.client.util.GuiceFXMLLoader - request to load FXML [/fxml/Container.fxml]
2016-12-03 14:34:33.743 [JavaFX Application Thread] DEBUG com.githup.lariscy.jserverrepo.client.util.GuiceFXMLLoader - request to load FXML [/fxml/TopMenu.fxml]
2016-12-03 14:34:33.791 [JavaFX Application Thread] DEBUG com.githup.lariscy.jserverrepo.client.util.GuiceFXMLLoader - request to load FXML [/fxml/SideMenu.fxml]
2016-12-03 14:34:33.800 [JavaFX Application Thread] DEBUG com.githup.lariscy.jserverrepo.client.util.GuiceFXMLLoader - request to load FXML [/fxml/LoginForm.fxml]
2016-12-03 14:34:33.845 [JavaFX Application Thread] DEBUG com.githup.lariscy.jserverrepo.client.controller.LoginFormController - initialize
2016-12-03 14:34:33.845 [JavaFX Application Thread] DEBUG com.githup.lariscy.jserverrepo.client.util.GuiceFXMLLoader - request to load FXML [/fxml/StatusBar.fxml]
2016-12-03 14:34:35.460 [JavaFX Application Thread] DEBUG com.githup.lariscy.jserverrepo.client.service.MockLoginService - login()
2016-12-03 14:34:41.980 [JavaFX Application Thread] DEBUG com.githup.lariscy.jserverrepo.client.service.MockLoginService - login()
2016-12-03 14:34:44.024 [JavaFX Application Thread] DEBUG com.githup.lariscy.jserverrepo.client.App - Application.stop()
2016-12-03 14:35:09.493 [JavaFX Application Thread] DEBUG com.githup.lariscy.jserverrepo.client.App - Application.start()
2016-12-03 14:35:09.583 [JavaFX Application Thread] DEBUG com.githup.lariscy.jserverrepo.client.guice.GuiceModule - configuring GuiceModule
2016-12-03 14:35:09.745 [JavaFX Application Thread] DEBUG com.githup.lariscy.jserverrepo.client.util.GuiceFXMLLoader - request to load FXML [/fxml/Container.fxml]
2016-12-03 14:35:09.802 [JavaFX Application Thread] DEBUG com.githup.lariscy.jserverrepo.client.util.GuiceFXMLLoader - request to load FXML [/fxml/TopMenu.fxml]
2016-12-03 14:35:09.851 [JavaFX Application Thread] DEBUG com.githup.lariscy.jserverrepo.client.util.GuiceFXMLLoader - request to load FXML [/fxml/SideMenu.fxml]
2016-12-03 14:35:09.861 [JavaFX Application Thread] DEBUG com.githup.lariscy.jserverrepo.client.util.GuiceFXMLLoader - request to load FXML [/fxml/LoginForm.fxml]
2016-12-03 14:35:09.905 [JavaFX Application Thread] DEBUG com.githup.lariscy.jserverrepo.client.controller.LoginFormController - initialize
2016-12-03 14:35:09.905 [JavaFX Application Thread] DEBUG com.githup.lariscy.jserverrepo.client.util.GuiceFXMLLoader - request to load FXML [/fxml/StatusBar.fxml]
2016-12-03 14:35:11.378 [JavaFX Application Thread] DEBUG com.githup.lariscy.jserverrepo.client.service.MockLoginService - login()
2016-12-03 14:35:12.354 [JavaFX Application Thread] DEBUG com.githup.lariscy.jserverrepo.client.service.MockLoginService - login()
2016-12-03 14:35:13.010 [JavaFX Application Thread] DEBUG com.githup.lariscy.jserverrepo.client.service.MockLoginService - login()
2016-12-03 14:35:13.658 [JavaFX Application Thread] DEBUG com.githup.lariscy.jserverrepo.client.service.MockLoginService - login()
2016-12-03 14:35:19.224 [JavaFX Application Thread] DEBUG com.githup.lariscy.jserverrepo.client.service.MockLoginService - login()
2016-12-03 14:35:21.032 [JavaFX Application Thread] DEBUG com.githup.lariscy.jserverrepo.client.App - Application.stop()
2016-12-03 14:37:34.977 [JavaFX Application Thread] DEBUG com.githup.lariscy.jserverrepo.client.App - Application.start()
2016-12-03 14:37:35.068 [JavaFX Application Thread] DEBUG com.githup.lariscy.jserverrepo.client.guice.GuiceModule - configuring GuiceModule
2016-12-03 14:37:35.226 [JavaFX Application Thread] DEBUG com.githup.lariscy.jserverrepo.client.util.GuiceFXMLLoader - request to load FXML [/fxml/Container.fxml]
2016-12-03 14:37:35.284 [JavaFX Application Thread] DEBUG com.githup.lariscy.jserverrepo.client.util.GuiceFXMLLoader - request to load FXML [/fxml/TopMenu.fxml]
2016-12-03 14:37:35.333 [JavaFX Application Thread] DEBUG com.githup.lariscy.jserverrepo.client.util.GuiceFXMLLoader - request to load FXML [/fxml/SideMenu.fxml]
2016-12-03 14:37:35.343 [JavaFX Application Thread] DEBUG com.githup.lariscy.jserverrepo.client.util.GuiceFXMLLoader - request to load FXML [/fxml/LoginForm.fxml]
2016-12-03 14:37:35.388 [JavaFX Application Thread] DEBUG com.githup.lariscy.jserverrepo.client.controller.LoginFormController - initialize
2016-12-03 14:37:35.388 [JavaFX Application Thread] DEBUG com.githup.lariscy.jserverrepo.client.util.GuiceFXMLLoader - request to load FXML [/fxml/StatusBar.fxml]
2016-12-03 14:37:36.905 [JavaFX Application Thread] DEBUG com.githup.lariscy.jserverrepo.client.service.MockLoginService - login()
2016-12-03 14:37:39.208 [JavaFX Application Thread] DEBUG com.githup.lariscy.jserverrepo.client.App - Application.stop()
2016-12-03 14:39:06.883 [JavaFX Application Thread] DEBUG com.githup.lariscy.jserverrepo.client.App - Application.start()
2016-12-03 14:39:07.056 [JavaFX Application Thread] DEBUG com.githup.lariscy.jserverrepo.client.guice.GuiceModule - configuring GuiceModule
2016-12-03 14:39:07.147 [JavaFX Application Thread] DEBUG com.githup.lariscy.jserverrepo.client.App - Application.stop()
2016-12-03 14:40:28.632 [JavaFX Application Thread] DEBUG com.githup.lariscy.jserverrepo.client.App - Application.start()
2016-12-03 14:40:28.723 [JavaFX Application Thread] DEBUG com.githup.lariscy.jserverrepo.client.guice.GuiceModule - configuring GuiceModule
2016-12-03 14:40:28.883 [JavaFX Application Thread] DEBUG com.githup.lariscy.jserverrepo.client.util.GuiceFXMLLoader - request to load FXML [/fxml/Container.fxml]
2016-12-03 14:40:28.942 [JavaFX Application Thread] DEBUG com.githup.lariscy.jserverrepo.client.util.GuiceFXMLLoader - request to load FXML [/fxml/TopMenu.fxml]
2016-12-03 14:40:28.990 [JavaFX Application Thread] DEBUG com.githup.lariscy.jserverrepo.client.util.GuiceFXMLLoader - request to load FXML [/fxml/SideMenu.fxml]
2016-12-03 14:40:28.999 [JavaFX Application Thread] DEBUG com.githup.lariscy.jserverrepo.client.util.GuiceFXMLLoader - request to load FXML [/fxml/LoginForm.fxml]
2016-12-03 14:40:29.008 [JavaFX Application Thread] DEBUG com.githup.lariscy.jserverrepo.client.util.GuiceFXMLLoader - registering class [class com.githup.lariscy.jserverrepo.client.controller.LoginFormController] with eventbus
2016-12-03 14:40:29.044 [JavaFX Application Thread] DEBUG com.githup.lariscy.jserverrepo.client.controller.LoginFormController - initialize
2016-12-03 14:40:29.045 [JavaFX Application Thread] DEBUG com.githup.lariscy.jserverrepo.client.util.GuiceFXMLLoader - request to load FXML [/fxml/StatusBar.fxml]
2016-12-03 14:40:57.518 [JavaFX Application Thread] DEBUG com.githup.lariscy.jserverrepo.client.App - Application.stop()
2016-12-03 14:41:07.943 [JavaFX Application Thread] DEBUG com.githup.lariscy.jserverrepo.client.App - Application.start()
2016-12-03 14:41:08.110 [JavaFX Application Thread] DEBUG com.githup.lariscy.jserverrepo.client.guice.GuiceModule - configuring GuiceModule
2016-12-03 14:41:08.194 [JavaFX Application Thread] DEBUG com.githup.lariscy.jserverrepo.client.util.GuiceFXMLLoader - request to load FXML [/fxml/Container.fxml]
2016-12-03 14:41:08.252 [JavaFX Application Thread] DEBUG com.githup.lariscy.jserverrepo.client.util.GuiceFXMLLoader - request to load FXML [/fxml/TopMenu.fxml]
2016-12-03 14:41:08.301 [JavaFX Application Thread] DEBUG com.githup.lariscy.jserverrepo.client.util.GuiceFXMLLoader - request to load FXML [/fxml/SideMenu.fxml]
2016-12-03 14:41:08.311 [JavaFX Application Thread] DEBUG com.githup.lariscy.jserverrepo.client.util.GuiceFXMLLoader - request to load FXML [/fxml/LoginForm.fxml]
2016-12-03 14:41:08.319 [JavaFX Application Thread] DEBUG com.githup.lariscy.jserverrepo.client.util.GuiceFXMLLoader - registering class [com.githup.lariscy.jserverrepo.client.controller.LoginFormController] with EventBus
2016-12-03 14:41:08.356 [JavaFX Application Thread] DEBUG com.githup.lariscy.jserverrepo.client.controller.LoginFormController - initialize
2016-12-03 14:41:08.357 [JavaFX Application Thread] DEBUG com.githup.lariscy.jserverrepo.client.util.GuiceFXMLLoader - request to load FXML [/fxml/StatusBar.fxml]
2016-12-03 14:43:16.291 [JavaFX Application Thread] DEBUG com.githup.lariscy.jserverrepo.client.service.MockLoginService - login()
2016-12-03 14:43:17.626 [JavaFX Application Thread] DEBUG com.githup.lariscy.jserverrepo.client.service.MockLoginService - login()
2016-12-03 14:43:18.178 [JavaFX Application Thread] DEBUG com.githup.lariscy.jserverrepo.client.service.MockLoginService - login()
2016-12-03 14:43:18.434 [JavaFX Application Thread] DEBUG com.githup.lariscy.jserverrepo.client.service.MockLoginService - login()
2016-12-03 14:43:18.658 [JavaFX Application Thread] DEBUG com.githup.lariscy.jserverrepo.client.service.MockLoginService - login()
2016-12-03 14:43:18.898 [JavaFX Application Thread] DEBUG com.githup.lariscy.jserverrepo.client.service.MockLoginService - login()
2016-12-03 14:43:19.130 [JavaFX Application Thread] DEBUG com.githup.lariscy.jserverrepo.client.service.MockLoginService - login()
2016-12-03 14:43:20.105 [JavaFX Application Thread] DEBUG com.githup.lariscy.jserverrepo.client.App - Application.stop()
2016-12-03 14:48:13.256 [JavaFX Application Thread] DEBUG com.githup.lariscy.jserverrepo.client.App - Application.start()
2016-12-03 14:48:13.347 [JavaFX Application Thread] DEBUG com.githup.lariscy.jserverrepo.client.guice.GuiceModule - configuring GuiceModule
2016-12-03 14:48:13.508 [JavaFX Application Thread] DEBUG com.githup.lariscy.jserverrepo.client.util.GuiceFXMLLoader - request to load FXML [/fxml/Container.fxml]
2016-12-03 14:48:13.579 [JavaFX Application Thread] DEBUG com.githup.lariscy.jserverrepo.client.util.GuiceFXMLLoader - request to load FXML [/fxml/TopMenu.fxml]
2016-12-03 14:48:13.629 [JavaFX Application Thread] DEBUG com.githup.lariscy.jserverrepo.client.util.GuiceFXMLLoader - request to load FXML [/fxml/SideMenu.fxml]
2016-12-03 14:48:13.640 [JavaFX Application Thread] DEBUG com.githup.lariscy.jserverrepo.client.util.GuiceFXMLLoader - request to load FXML [/fxml/LoginForm.fxml]
2016-12-03 14:48:13.647 [JavaFX Application Thread] DEBUG com.githup.lariscy.jserverrepo.client.util.GuiceFXMLLoader - registering class [com.githup.lariscy.jserverrepo.client.controller.LoginFormController] with EventBus
2016-12-03 14:48:13.685 [JavaFX Application Thread] DEBUG com.githup.lariscy.jserverrepo.client.controller.LoginFormController - initialize
2016-12-03 14:48:13.685 [JavaFX Application Thread] DEBUG com.githup.lariscy.jserverrepo.client.util.GuiceFXMLLoader - request to load FXML [/fxml/StatusBar.fxml]
2016-12-03 14:48:15.496 [JavaFX Application Thread] DEBUG com.githup.lariscy.jserverrepo.client.service.MockLoginService - login()
2016-12-03 14:48:21.525 [JavaFX Application Thread] DEBUG com.githup.lariscy.jserverrepo.client.service.MockLoginService - login()
2016-12-03 14:48:27.688 [JavaFX Application Thread] DEBUG com.githup.lariscy.jserverrepo.client.App - Application.stop()
2016-12-03 14:49:30.596 [JavaFX Application Thread] DEBUG com.githup.lariscy.jserverrepo.client.App - Application.start()
2016-12-03 14:49:30.687 [JavaFX Application Thread] DEBUG com.githup.lariscy.jserverrepo.client.guice.GuiceModule - configuring GuiceModule
2016-12-03 14:49:30.850 [JavaFX Application Thread] DEBUG com.githup.lariscy.jserverrepo.client.util.GuiceFXMLLoader - request to load FXML [/fxml/Container.fxml]
2016-12-03 14:49:30.909 [JavaFX Application Thread] DEBUG com.githup.lariscy.jserverrepo.client.util.GuiceFXMLLoader - request to load FXML [/fxml/TopMenu.fxml]
2016-12-03 14:49:30.957 [JavaFX Application Thread] DEBUG com.githup.lariscy.jserverrepo.client.util.GuiceFXMLLoader - request to load FXML [/fxml/SideMenu.fxml]
2016-12-03 14:49:30.966 [JavaFX Application Thread] DEBUG com.githup.lariscy.jserverrepo.client.util.GuiceFXMLLoader - request to load FXML [/fxml/LoginForm.fxml]
2016-12-03 14:49:30.973 [JavaFX Application Thread] DEBUG com.githup.lariscy.jserverrepo.client.util.GuiceFXMLLoader - registering class [com.githup.lariscy.jserverrepo.client.controller.LoginFormController] with EventBus
2016-12-03 14:49:31.009 [JavaFX Application Thread] DEBUG com.githup.lariscy.jserverrepo.client.controller.LoginFormController - initialize
2016-12-03 14:49:31.009 [JavaFX Application Thread] DEBUG com.githup.lariscy.jserverrepo.client.util.GuiceFXMLLoader - request to load FXML [/fxml/StatusBar.fxml]
2016-12-03 14:49:36.425 [JavaFX Application Thread] DEBUG com.githup.lariscy.jserverrepo.client.service.MockLoginService - login()
2016-12-03 14:49:43.497 [JavaFX Application Thread] DEBUG com.githup.lariscy.jserverrepo.client.App - Application.stop()
2016-12-03 14:51:00.626 [JavaFX Application Thread] DEBUG com.githup.lariscy.jserverrepo.client.App - Application.start()
2016-12-03 14:51:00.718 [JavaFX Application Thread] DEBUG com.githup.lariscy.jserverrepo.client.guice.GuiceModule - configuring GuiceModule
2016-12-03 14:51:00.902 [JavaFX Application Thread] DEBUG com.githup.lariscy.jserverrepo.client.util.GuiceFXMLLoader - request to load FXML [/fxml/Container.fxml]
2016-12-03 14:51:00.962 [JavaFX Application Thread] DEBUG com.githup.lariscy.jserverrepo.client.util.GuiceFXMLLoader - request to load FXML [/fxml/TopMenu.fxml]
2016-12-03 14:51:01.010 [JavaFX Application Thread] DEBUG com.githup.lariscy.jserverrepo.client.util.GuiceFXMLLoader - request to load FXML [/fxml/SideMenu.fxml]
2016-12-03 14:51:01.020 [JavaFX Application Thread] DEBUG com.githup.lariscy.jserverrepo.client.util.GuiceFXMLLoader - request to load FXML [/fxml/LoginForm.fxml]
2016-12-03 14:51:01.027 [JavaFX Application Thread] DEBUG com.githup.lariscy.jserverrepo.client.util.GuiceFXMLLoader - registering class [com.githup.lariscy.jserverrepo.client.controller.LoginFormController] with EventBus
2016-12-03 14:51:01.063 [JavaFX Application Thread] DEBUG com.githup.lariscy.jserverrepo.client.controller.LoginFormController - initialize
2016-12-03 14:51:01.064 [JavaFX Application Thread] DEBUG com.githup.lariscy.jserverrepo.client.util.GuiceFXMLLoader - request to load FXML [/fxml/StatusBar.fxml]
2016-12-03 14:51:03.653 [JavaFX Application Thread] DEBUG com.githup.lariscy.jserverrepo.client.service.MockLoginService - login()
2016-12-03 14:51:08.491 [JavaFX Application Thread] DEBUG com.githup.lariscy.jserverrepo.client.service.MockLoginService - login()
2016-12-03 14:51:09.178 [JavaFX Application Thread] DEBUG com.githup.lariscy.jserverrepo.client.service.MockLoginService - login()
2016-12-03 14:51:09.354 [JavaFX Application Thread] DEBUG com.githup.lariscy.jserverrepo.client.service.MockLoginService - login()
2016-12-03 14:51:09.498 [JavaFX Application Thread] DEBUG com.githup.lariscy.jserverrepo.client.service.MockLoginService - login()
2016-12-03 14:51:11.216 [JavaFX Application Thread] DEBUG com.githup.lariscy.jserverrepo.client.App - Application.stop()
2016-12-03 14:53:34.225 [JavaFX Application Thread] DEBUG com.githup.lariscy.jserverrepo.client.App - Application.start()
2016-12-03 14:53:34.317 [JavaFX Application Thread] DEBUG com.githup.lariscy.jserverrepo.client.guice.GuiceModule - configuring GuiceModule
2016-12-03 14:53:34.477 [JavaFX Application Thread] DEBUG com.githup.lariscy.jserverrepo.client.util.GuiceFXMLLoader - request to load FXML [/fxml/Container.fxml]
2016-12-03 14:53:34.536 [JavaFX Application Thread] DEBUG com.githup.lariscy.jserverrepo.client.util.GuiceFXMLLoader - request to load FXML [/fxml/TopMenu.fxml]
2016-12-03 14:53:34.585 [JavaFX Application Thread] DEBUG com.githup.lariscy.jserverrepo.client.util.GuiceFXMLLoader - request to load FXML [/fxml/SideMenu.fxml]
2016-12-03 14:53:34.595 [JavaFX Application Thread] DEBUG com.githup.lariscy.jserverrepo.client.util.GuiceFXMLLoader - request to load FXML [/fxml/LoginForm.fxml]
2016-12-03 14:53:34.603 [JavaFX Application Thread] DEBUG com.githup.lariscy.jserverrepo.client.util.GuiceFXMLLoader - registering class [class com.githup.lariscy.jserverrepo.client.controller.LoginFormController] with EventBus
2016-12-03 14:53:34.641 [JavaFX Application Thread] DEBUG com.githup.lariscy.jserverrepo.client.controller.LoginFormController - initialize
2016-12-03 14:53:34.641 [JavaFX Application Thread] DEBUG com.githup.lariscy.jserverrepo.client.util.GuiceFXMLLoader - request to load FXML [/fxml/StatusBar.fxml]
2016-12-03 14:53:38.041 [JavaFX Application Thread] DEBUG com.githup.lariscy.jserverrepo.client.App - Application.stop()
2016-12-03 14:58:22.080 [JavaFX Application Thread] DEBUG com.github.lariscy.jserverrepo.client.App - Application.start()
2016-12-03 14:58:22.169 [JavaFX Application Thread] DEBUG com.github.lariscy.jserverrepo.client.guice.GuiceModule - configuring GuiceModule
2016-12-03 14:58:22.332 [JavaFX Application Thread] DEBUG com.github.lariscy.jserverrepo.client.util.GuiceFXMLLoader - request to load FXML [/fxml/Container.fxml]
2016-12-03 14:58:22.390 [JavaFX Application Thread] DEBUG com.github.lariscy.jserverrepo.client.util.GuiceFXMLLoader - request to load FXML [/fxml/TopMenu.fxml]
2016-12-03 14:58:22.438 [JavaFX Application Thread] DEBUG com.github.lariscy.jserverrepo.client.util.GuiceFXMLLoader - request to load FXML [/fxml/SideMenu.fxml]
2016-12-03 14:58:22.448 [JavaFX Application Thread] DEBUG com.github.lariscy.jserverrepo.client.util.GuiceFXMLLoader - request to load FXML [/fxml/LoginForm.fxml]
2016-12-03 14:58:22.456 [JavaFX Application Thread] DEBUG com.github.lariscy.jserverrepo.client.util.GuiceFXMLLoader - registering class [com.github.lariscy.jserverrepo.client.controller.LoginFormController] with EventBus
2016-12-03 14:58:22.492 [JavaFX Application Thread] DEBUG com.github.lariscy.jserverrepo.client.controller.LoginFormController - initialize
2016-12-03 14:58:22.493 [JavaFX Application Thread] DEBUG com.github.lariscy.jserverrepo.client.util.GuiceFXMLLoader - request to load FXML [/fxml/StatusBar.fxml]
2016-12-03 14:58:27.688 [JavaFX Application Thread] DEBUG com.github.lariscy.jserverrepo.client.service.MockLoginService - login()
2016-12-03 14:58:28.832 [JavaFX Application Thread] DEBUG com.github.lariscy.jserverrepo.client.service.MockLoginService - login()
2016-12-03 14:58:29.216 [JavaFX Application Thread] DEBUG com.github.lariscy.jserverrepo.client.service.MockLoginService - login()
2016-12-03 14:58:29.424 [JavaFX Application Thread] DEBUG com.github.lariscy.jserverrepo.client.service.MockLoginService - login()
2016-12-03 14:58:29.608 [JavaFX Application Thread] DEBUG com.github.lariscy.jserverrepo.client.service.MockLoginService - login()
2016-12-03 14:58:29.784 [JavaFX Application Thread] DEBUG com.github.lariscy.jserverrepo.client.service.MockLoginService - login()
2016-12-03 14:58:29.968 [JavaFX Application Thread] DEBUG com.github.lariscy.jserverrepo.client.service.MockLoginService - login()
2016-12-03 14:58:31.105 [JavaFX Application Thread] DEBUG com.github.lariscy.jserverrepo.client.App - Application.stop()
2016-12-03 15:00:18.339 [JavaFX Application Thread] DEBUG com.github.lariscy.jserverrepo.client.App - Application.start()
2016-12-03 15:00:18.509 [JavaFX Application Thread] DEBUG com.github.lariscy.jserverrepo.client.guice.GuiceModule - configuring GuiceModule
2016-12-03 15:00:18.591 [JavaFX Application Thread] DEBUG com.github.lariscy.jserverrepo.client.util.GuiceFXMLLoader - request to load FXML [/fxml/Container.fxml]
2016-12-03 15:00:18.653 [JavaFX Application Thread] DEBUG com.github.lariscy.jserverrepo.client.util.GuiceFXMLLoader - request to load FXML [/fxml/TopMenu.fxml]
2016-12-03 15:00:18.702 [JavaFX Application Thread] DEBUG com.github.lariscy.jserverrepo.client.util.GuiceFXMLLoader - request to load FXML [/fxml/SideMenu.fxml]
2016-12-03 15:00:18.712 [JavaFX Application Thread] DEBUG com.github.lariscy.jserverrepo.client.util.GuiceFXMLLoader - request to load FXML [/fxml/LoginForm.fxml]
2016-12-03 15:00:18.721 [JavaFX Application Thread] DEBUG com.github.lariscy.jserverrepo.client.util.GuiceFXMLLoader - registering class [com.github.lariscy.jserverrepo.client.controller.LoginFormController] with EventBus
2016-12-03 15:00:18.759 [JavaFX Application Thread] DEBUG com.github.lariscy.jserverrepo.client.controller.LoginFormController - initialize
2016-12-03 15:00:18.760 [JavaFX Application Thread] DEBUG com.github.lariscy.jserverrepo.client.util.GuiceFXMLLoader - request to load FXML [/fxml/StatusBar.fxml]
2016-12-03 15:00:22.215 [JavaFX Application Thread] DEBUG com.github.lariscy.jserverrepo.client.service.MockLoginService - login()
2016-12-03 15:00:24.304 [JavaFX Application Thread] DEBUG com.github.lariscy.jserverrepo.client.service.MockLoginService - login()
2016-12-03 15:00:24.760 [JavaFX Application Thread] DEBUG com.github.lariscy.jserverrepo.client.service.MockLoginService - login()
2016-12-03 15:00:25.128 [JavaFX Application Thread] DEBUG com.github.lariscy.jserverrepo.client.service.MockLoginService - login()
2016-12-03 15:00:26.144 [JavaFX Application Thread] DEBUG com.github.lariscy.jserverrepo.client.App - Application.stop()
2016-12-03 15:01:01.484 [JavaFX Application Thread] DEBUG com.github.lariscy.jserverrepo.client.App - Application.start()
2016-12-03 15:01:01.591 [JavaFX Application Thread] DEBUG com.github.lariscy.jserverrepo.client.guice.GuiceModule - configuring GuiceModule
2016-12-03 15:01:01.751 [JavaFX Application Thread] DEBUG com.github.lariscy.jserverrepo.client.util.GuiceFXMLLoader - request to load FXML [/fxml/Container.fxml]
2016-12-03 15:01:01.811 [JavaFX Application Thread] DEBUG com.github.lariscy.jserverrepo.client.util.GuiceFXMLLoader - request to load FXML [/fxml/TopMenu.fxml]
2016-12-03 15:01:01.860 [JavaFX Application Thread] DEBUG com.github.lariscy.jserverrepo.client.util.GuiceFXMLLoader - request to load FXML [/fxml/SideMenu.fxml]
2016-12-03 15:01:01.872 [JavaFX Application Thread] DEBUG com.github.lariscy.jserverrepo.client.util.GuiceFXMLLoader - request to load FXML [/fxml/LoginForm.fxml]
2016-12-03 15:01:01.880 [JavaFX Application Thread] DEBUG com.github.lariscy.jserverrepo.client.util.GuiceFXMLLoader - registering class [com.github.lariscy.jserverrepo.client.controller.LoginFormController] with EventBus
2016-12-03 15:01:01.918 [JavaFX Application Thread] DEBUG com.github.lariscy.jserverrepo.client.controller.LoginFormController - initialize
2016-12-03 15:01:01.918 [JavaFX Application Thread] DEBUG com.github.lariscy.jserverrepo.client.util.GuiceFXMLLoader - request to load FXML [/fxml/StatusBar.fxml]
2016-12-03 15:01:04.877 [JavaFX Application Thread] DEBUG com.github.lariscy.jserverrepo.client.service.MockLoginService - login()
2016-12-03 15:01:07.285 [JavaFX Application Thread] DEBUG com.github.lariscy.jserverrepo.client.App - Application.stop()
2016-12-03 15:02:24.153 [JavaFX Application Thread] DEBUG com.github.lariscy.jserverrepo.client.App - Application.start()
2016-12-03 15:02:24.321 [JavaFX Application Thread] DEBUG com.github.lariscy.jserverrepo.client.guice.GuiceModule - configuring GuiceModule
2016-12-03 15:02:24.405 [JavaFX Application Thread] DEBUG com.github.lariscy.jserverrepo.client.util.GuiceFXMLLoader - request to load FXML [/fxml/Container.fxml]
2016-12-03 15:02:24.463 [JavaFX Application Thread] DEBUG com.github.lariscy.jserverrepo.client.util.GuiceFXMLLoader - request to load FXML [/fxml/TopMenu.fxml]
2016-12-03 15:02:24.512 [JavaFX Application Thread] DEBUG com.github.lariscy.jserverrepo.client.util.GuiceFXMLLoader - request to load FXML [/fxml/SideMenu.fxml]
2016-12-03 15:02:24.521 [JavaFX Application Thread] DEBUG com.github.lariscy.jserverrepo.client.util.GuiceFXMLLoader - request to load FXML [/fxml/LoginForm.fxml]
2016-12-03 15:02:24.530 [JavaFX Application Thread] DEBUG com.github.lariscy.jserverrepo.client.util.GuiceFXMLLoader - registering class [com.github.lariscy.jserverrepo.client.controller.LoginFormController] with EventBus
2016-12-03 15:02:24.567 [JavaFX Application Thread] DEBUG com.github.lariscy.jserverrepo.client.controller.LoginFormController - initialize
2016-12-03 15:02:24.568 [JavaFX Application Thread] DEBUG com.github.lariscy.jserverrepo.client.util.GuiceFXMLLoader - request to load FXML [/fxml/StatusBar.fxml]
2016-12-03 15:02:27.535 [JavaFX Application Thread] DEBUG com.github.lariscy.jserverrepo.client.service.MockLoginService - login()
2016-12-03 15:02:34.160 [JavaFX Application Thread] DEBUG com.github.lariscy.jserverrepo.client.App - Application.stop()
2016-12-03 15:04:30.052 [JavaFX Application Thread] DEBUG com.github.lariscy.jserverrepo.client.App - Application.start()
2016-12-03 15:04:30.144 [JavaFX Application Thread] DEBUG com.github.lariscy.jserverrepo.client.guice.GuiceModule - configuring GuiceModule
2016-12-03 15:04:30.303 [JavaFX Application Thread] DEBUG com.github.lariscy.jserverrepo.client.util.GuiceFXMLLoader - request to load FXML [/fxml/Container.fxml]
2016-12-03 15:04:30.361 [JavaFX Application Thread] DEBUG com.github.lariscy.jserverrepo.client.util.GuiceFXMLLoader - request to load FXML [/fxml/TopMenu.fxml]
2016-12-03 15:04:30.409 [JavaFX Application Thread] DEBUG com.github.lariscy.jserverrepo.client.util.GuiceFXMLLoader - request to load FXML [/fxml/SideMenu.fxml]
2016-12-03 15:04:30.419 [JavaFX Application Thread] DEBUG com.github.lariscy.jserverrepo.client.util.GuiceFXMLLoader - request to load FXML [/fxml/LoginForm.fxml]
2016-12-03 15:04:30.428 [JavaFX Application Thread] DEBUG com.github.lariscy.jserverrepo.client.util.GuiceFXMLLoader - registering class [com.github.lariscy.jserverrepo.client.controller.LoginFormController] with EventBus
2016-12-03 15:04:30.467 [JavaFX Application Thread] DEBUG com.github.lariscy.jserverrepo.client.controller.LoginFormController - initialize
2016-12-03 15:04:30.468 [JavaFX Application Thread] DEBUG com.github.lariscy.jserverrepo.client.util.GuiceFXMLLoader - request to load FXML [/fxml/StatusBar.fxml]
2016-12-03 15:04:35.295 [JavaFX Application Thread] DEBUG com.github.lariscy.jserverrepo.client.service.MockLoginService - login()
2016-12-03 15:04:57.677 [JavaFX Application Thread] DEBUG com.github.lariscy.jserverrepo.client.App - Application.stop()
2016-12-03 15:06:06.596 [JavaFX Application Thread] DEBUG com.github.lariscy.jserverrepo.client.App - Application.start()
2016-12-03 15:06:06.688 [JavaFX Application Thread] DEBUG com.github.lariscy.jserverrepo.client.guice.GuiceModule - configuring GuiceModule
2016-12-03 15:06:06.849 [JavaFX Application Thread] DEBUG com.github.lariscy.jserverrepo.client.util.GuiceFXMLLoader - request to load FXML [/fxml/Container.fxml]
2016-12-03 15:06:06.908 [JavaFX Application Thread] DEBUG com.github.lariscy.jserverrepo.client.util.GuiceFXMLLoader - request to load FXML [/fxml/TopMenu.fxml]
2016-12-03 15:06:06.957 [JavaFX Application Thread] DEBUG com.github.lariscy.jserverrepo.client.util.GuiceFXMLLoader - request to load FXML [/fxml/SideMenu.fxml]
2016-12-03 15:06:06.967 [JavaFX Application Thread] DEBUG com.github.lariscy.jserverrepo.client.util.GuiceFXMLLoader - request to load FXML [/fxml/LoginForm.fxml]
2016-12-03 15:06:06.976 [JavaFX Application Thread] DEBUG com.github.lariscy.jserverrepo.client.util.GuiceFXMLLoader - registering class [com.github.lariscy.jserverrepo.client.controller.LoginFormController] with EventBus
2016-12-03 15:06:07.012 [JavaFX Application Thread] DEBUG com.github.lariscy.jserverrepo.client.controller.LoginFormController - initialize
2016-12-03 15:06:07.013 [JavaFX Application Thread] DEBUG com.github.lariscy.jserverrepo.client.util.GuiceFXMLLoader - request to load FXML [/fxml/StatusBar.fxml]
2016-12-03 15:06:15.613 [JavaFX Application Thread] DEBUG com.github.lariscy.jserverrepo.client.App - Application.stop()
2016-12-03 15:07:27.705 [JavaFX Application Thread] DEBUG com.github.lariscy.jserverrepo.client.App - Application.start()
2016-12-03 15:07:27.796 [JavaFX Application Thread] DEBUG com.github.lariscy.jserverrepo.client.guice.GuiceModule - configuring GuiceModule
2016-12-03 15:07:27.949 [JavaFX Application Thread] DEBUG com.github.lariscy.jserverrepo.client.util.GuiceFXMLLoader - request to load FXML [/fxml/Container.fxml]
2016-12-03 15:07:28.007 [JavaFX Application Thread] DEBUG com.github.lariscy.jserverrepo.client.util.GuiceFXMLLoader - request to load FXML [/fxml/TopMenu.fxml]
2016-12-03 15:07:28.055 [JavaFX Application Thread] DEBUG com.github.lariscy.jserverrepo.client.util.GuiceFXMLLoader - request to load FXML [/fxml/SideMenu.fxml]
2016-12-03 15:07:28.065 [JavaFX Application Thread] DEBUG com.github.lariscy.jserverrepo.client.util.GuiceFXMLLoader - request to load FXML [/fxml/LoginForm.fxml]
2016-12-03 15:07:28.075 [JavaFX Application Thread] DEBUG com.github.lariscy.jserverrepo.client.util.GuiceFXMLLoader - registering class [com.github.lariscy.jserverrepo.client.controller.LoginFormController] with EventBus
2016-12-03 15:07:28.112 [JavaFX Application Thread] DEBUG com.github.lariscy.jserverrepo.client.controller.LoginFormController - initialize
2016-12-03 15:07:28.113 [JavaFX Application Thread] DEBUG com.github.lariscy.jserverrepo.client.util.GuiceFXMLLoader - request to load FXML [/fxml/StatusBar.fxml]
2016-12-03 15:07:31.508 [JavaFX Application Thread] DEBUG com.github.lariscy.jserverrepo.client.service.MockLoginService - login()
2016-12-03 15:07:33.684 [JavaFX Application Thread] DEBUG com.github.lariscy.jserverrepo.client.App - Application.stop()
2016-12-03 15:11:22.012 [JavaFX Application Thread] DEBUG com.github.lariscy.jserverrepo.client.App - Application.start()
2016-12-03 15:11:22.103 [JavaFX Application Thread] DEBUG com.github.lariscy.jserverrepo.client.guice.GuiceModule - configuring GuiceModule
2016-12-03 15:11:22.261 [JavaFX Application Thread] DEBUG com.github.lariscy.jserverrepo.client.App - Application.stop()
2016-12-03 15:11:42.683 [JavaFX Application Thread] DEBUG com.github.lariscy.jserverrepo.client.App - Application.start()
2016-12-03 15:11:42.773 [JavaFX Application Thread] DEBUG com.github.lariscy.jserverrepo.client.guice.GuiceModule - configuring GuiceModule
2016-12-03 15:11:42.935 [JavaFX Application Thread] DEBUG com.github.lariscy.jserverrepo.client.util.GuiceFXMLLoader - request to load FXML [/fxml/Container.fxml]
2016-12-03 15:11:42.992 [JavaFX Application Thread] DEBUG com.github.lariscy.jserverrepo.client.util.GuiceFXMLLoader - request to load FXML [/fxml/TopMenu.fxml]
2016-12-03 15:11:43.040 [JavaFX Application Thread] DEBUG com.github.lariscy.jserverrepo.client.util.GuiceFXMLLoader - request to load FXML [/fxml/SideMenu.fxml]
2016-12-03 15:11:43.049 [JavaFX Application Thread] DEBUG com.github.lariscy.jserverrepo.client.util.GuiceFXMLLoader - request to load FXML [/fxml/LoginForm.fxml]
2016-12-03 15:11:43.058 [JavaFX Application Thread] DEBUG com.github.lariscy.jserverrepo.client.util.GuiceFXMLLoader - registering class [com.github.lariscy.jserverrepo.client.controller.LoginFormController] with EventBus
2016-12-03 15:11:43.094 [JavaFX Application Thread] DEBUG com.github.lariscy.jserverrepo.client.controller.LoginFormController - initialize
2016-12-03 15:11:43.095 [JavaFX Application Thread] DEBUG com.github.lariscy.jserverrepo.client.util.GuiceFXMLLoader - request to load FXML [/fxml/StatusBar.fxml]
2016-12-03 15:11:46.356 [JavaFX Application Thread] DEBUG com.github.lariscy.jserverrepo.client.service.MockLoginService - login()
2016-12-03 15:11:48.069 [JavaFX Application Thread] DEBUG com.github.lariscy.jserverrepo.client.service.MockLoginService - login()
2016-12-03 15:11:48.295 [JavaFX Application Thread] DEBUG com.github.lariscy.jserverrepo.client.service.MockLoginService - login()
2016-12-03 15:11:48.460 [JavaFX Application Thread] DEBUG com.github.lariscy.jserverrepo.client.service.MockLoginService - login()
2016-12-03 15:11:48.652 [JavaFX Application Thread] DEBUG com.github.lariscy.jserverrepo.client.service.MockLoginService - login()
2016-12-03 15:11:49.650 [JavaFX Application Thread] DEBUG com.github.lariscy.jserverrepo.client.App - Application.stop()
